
> @terminai/cli@0.21.0 typecheck
> tsc --noEmit

src/config/settings.test.ts(2148,1): error TS1128: Declaration or statement expected.
src/config/settings.test.ts(2148,2): error TS1128: Declaration or statement expected.
